<?xml version="1.0" encoding="UTF-8"?>
<!-- Generated by org.testng.reporters.JUnitReportReporter -->
<testsuite skipped="0" hostname="Saiful-PC" name="facebook.fbookTest" tests="3" failures="0" timestamp="2020-05-22T18:55:25 EDT" time="56.767" errors="0">
  <testcase name="sad" time="18.209" classname="facebook.fbookTest"/>
  <system-out/>
  <testcase name="sad" time="20.411" classname="facebook.fbookTest"/>
  <system-out/>
  <testcase name="sad" time="18.147" classname="facebook.fbookTest"/>
  <system-out/>
</testsuite> <!-- facebook.fbookTest -->
