<?xml version="1.0" encoding="UTF-8"?>
<!-- Generated by org.testng.reporters.JUnitReportReporter -->
<testsuite skipped="0" hostname="Saiful-PC" name="facebook.fbookTest" tests="3" failures="0" timestamp="2020-05-23T18:51:36 EDT" time="57.428" errors="0">
  <testcase name="sad" time="18.423" classname="facebook.fbookTest"/>
  <system-out/>
  <testcase name="sad" time="19.497" classname="facebook.fbookTest"/>
  <system-out/>
  <testcase name="sad" time="19.508" classname="facebook.fbookTest"/>
  <system-out/>
</testsuite> <!-- facebook.fbookTest -->
